<?xml version="1.0" encoding="UTF-8"?>
<!-- Generated by org.testng.reporters.JUnitXMLReporter -->
<testsuite ignored="0" hostname="DESKTOP-SI05JPA" failures="1" tests="2" name="ChromeTest" time="43.755" errors="0" timestamp="2023-01-11T12:12:39 IST">
  <testcase classname="io.cucumber.testng.AbstractTestNGCucumberTests" name="runScenario" time="42.71"/>
  <testcase classname="io.cucumber.testng.AbstractTestNGCucumberTests" name="runScenario" time="0.221">
    <failure type="java.lang.NullPointerException" message="Cannot invoke &amp;quot;page_objects.HomePage.click_select_location_text()&amp;quot; because &amp;quot;this.home_page&amp;quot; is null">
      <![CDATA[java.lang.NullPointerException: Cannot invoke "page_objects.HomePage.click_select_location_text()" because "this.home_page" is null
at StepDefinitions.DetectLocationSteps.user_clicks_on_select_your_location(DetectLocationSteps.java:14)
at âœ½.user clicks on select your location(file:///D:/Testing/Amazon_Cucumber_TestAutomation/src/test/resources/Features/header.feature:16)
]]>
    </failure>
  </testcase> <!-- runScenario -->
</testsuite> <!-- ChromeTest -->
